[2020-06-23 20:03:10] Initializing...
FISCO-BCOS Version : 2.5.0
Build Time         : 20200619 06:32:10
Build Type         : Linux/clang/Release
Git Branch         : HEAD
Git Commit Hash    : 72c6d770e5cf0f4197162d0e26005ec03d30fcfe
[2020-06-23 20:03:11] The FISCO-BCOS is running...
[2020-06-23 20:54:58] FISCO-BCOS program exit normally.
[2020-06-24 10:35:29] Initializing...
FISCO-BCOS Version : 2.5.0
Build Time         : 20200619 06:32:10
Build Type         : Linux/clang/Release
Git Branch         : HEAD
Git Commit Hash    : 72c6d770e5cf0f4197162d0e26005ec03d30fcfe
[2020-06-24 10:35:31] The FISCO-BCOS is running...
[2020-06-24 10:49:30] FISCO-BCOS program exit normally.
[2020-06-25 23:29:06] Initializing...
FISCO-BCOS Version : 2.5.0
Build Time         : 20200619 06:32:10
Build Type         : Linux/clang/Release
Git Branch         : HEAD
Git Commit Hash    : 72c6d770e5cf0f4197162d0e26005ec03d30fcfe
[2020-06-25 23:29:07] The FISCO-BCOS is running...
